2023-02-08 02:46:36,978 INFO o.h.v.i.u.Version [background-preinit] HV000001: Hibernate Validator 6.1.7.Final
2023-02-08 02:46:36,994 INFO o.s.b.StartupInfoLogger [main] Starting UniversidadBackendApplication using Java 11.0.18 on LEE with PID 9112 (C:\xampp\htdocs\Udemy\SpringBootSimplePasos\universidad-backend-web\universidad-backend\target\classes started by luis in C:\xampp\htdocs\Udemy\SpringBootSimplePasos\universidad-backend-web\universidad-backend)
2023-02-08 02:46:36,996 INFO o.s.b.SpringApplication [main] No active profile set, falling back to default profiles: default
2023-02-08 02:46:38,886 INFO o.s.d.r.c.RepositoryConfigurationDelegate [main] Bootstrapping Spring Data JPA repositories in DEFAULT mode.
2023-02-08 02:46:39,121 INFO o.s.d.r.c.RepositoryConfigurationDelegate [main] Finished Spring Data repository scanning in 190 ms. Found 4 JPA repository interfaces.
2023-02-08 02:46:41,641 INFO o.s.b.w.e.t.TomcatWebServer [main] Tomcat initialized with port(s): 9081 (http)
2023-02-08 02:46:41,930 INFO o.a.j.l.DirectJDKLog [main] Initializing ProtocolHandler ["http-nio-9081"]
2023-02-08 02:46:41,942 INFO o.a.j.l.DirectJDKLog [main] Starting service [Tomcat]
2023-02-08 02:46:41,947 INFO o.a.j.l.DirectJDKLog [main] Starting Servlet engine: [Apache Tomcat/9.0.45]
2023-02-08 02:46:45,717 INFO o.a.j.l.DirectJDKLog [main] Initializing Spring embedded WebApplicationContext
2023-02-08 02:46:45,719 INFO o.s.b.w.s.c.ServletWebServerApplicationContext [main] Root WebApplicationContext: initialization completed in 8560 ms
2023-02-08 02:46:46,155 INFO o.h.j.i.u.LogHelper [main] HHH000204: Processing PersistenceUnitInfo [name: default]
2023-02-08 02:46:46,287 INFO o.h.Version [main] HHH000412: Hibernate ORM core version 5.4.30.Final
2023-02-08 02:46:46,612 INFO o.h.a.c.r.j.JavaReflectionManager [main] HCANN000001: Hibernate Commons Annotations {5.1.2.Final}
2023-02-08 02:46:46,862 INFO c.z.h.HikariDataSource [main] HikariPool-1 - Starting...
2023-02-08 02:46:47,312 INFO c.z.h.HikariDataSource [main] HikariPool-1 - Start completed.
2023-02-08 02:46:47,382 INFO o.h.d.Dialect [main] HHH000400: Using dialect: org.hibernate.dialect.PostgreSQL10Dialect
2023-02-08 02:46:49,897 INFO o.h.e.t.j.p.i.JtaPlatformInitiator [main] HHH000490: Using JtaPlatform implementation: [org.hibernate.engine.transaction.jta.platform.internal.NoJtaPlatform]
2023-02-08 02:46:49,916 INFO o.s.o.j.AbstractEntityManagerFactoryBean [main] Initialized JPA EntityManagerFactory for persistence unit 'default'
2023-02-08 02:46:51,297 WARN o.s.b.a.o.j.JpaBaseConfiguration$JpaWebConfiguration [main] spring.jpa.open-in-view is enabled by default. Therefore, database queries may be performed during view rendering. Explicitly configure spring.jpa.open-in-view to disable this warning
2023-02-08 02:46:51,514 INFO o.s.s.c.ExecutorConfigurationSupport [main] Initializing ExecutorService 'applicationTaskExecutor'
2023-02-08 02:46:52,042 INFO o.a.j.l.DirectJDKLog [main] Starting ProtocolHandler ["http-nio-9081"]
2023-02-08 02:46:52,092 INFO o.s.b.w.e.t.TomcatWebServer [main] Tomcat started on port(s): 9081 (http) with context path '/api/v2/universidad'
2023-02-08 02:46:52,110 INFO o.s.b.StartupInfoLogger [main] Started UniversidadBackendApplication in 16.025 seconds (JVM running for 17.543)
2023-02-08 02:47:12,146 INFO o.a.j.l.DirectJDKLog [http-nio-9081-exec-2] Initializing Spring DispatcherServlet 'dispatcherServlet'
2023-02-08 02:47:12,147 INFO o.s.w.s.FrameworkServlet [http-nio-9081-exec-2] Initializing Servlet 'dispatcherServlet'
2023-02-08 02:47:12,154 INFO o.s.w.s.FrameworkServlet [http-nio-9081-exec-2] Completed initialization in 5 ms
2023-02-08 02:47:12,244 INFO c.s.u.u.c.PrimerRestController [http-nio-9081-exec-2] info log
2023-02-08 02:47:12,246 WARN c.s.u.u.c.PrimerRestController [http-nio-9081-exec-2] warning log
2023-02-08 02:47:12,246 ERROR c.s.u.u.c.PrimerRestController [http-nio-9081-exec-2] error log
2023-02-08 02:55:39,510 INFO o.s.s.c.ExecutorConfigurationSupport [SpringContextShutdownHook] Shutting down ExecutorService 'applicationTaskExecutor'
2023-02-08 02:55:39,518 INFO o.s.o.j.AbstractEntityManagerFactoryBean [SpringContextShutdownHook] Closing JPA EntityManagerFactory for persistence unit 'default'
2023-02-08 02:55:39,524 INFO c.z.h.HikariDataSource [SpringContextShutdownHook] HikariPool-1 - Shutdown initiated...
2023-02-08 02:55:39,553 INFO c.z.h.HikariDataSource [SpringContextShutdownHook] HikariPool-1 - Shutdown completed.
2023-02-08 02:56:23,346 INFO o.s.b.StartupInfoLogger [main] Starting UniversidadBackendApplication using Java 11.0.18 on LEE with PID 8896 (C:\xampp\htdocs\Udemy\SpringBootSimplePasos\universidad-backend-web\universidad-backend\target\classes started by luis in C:\xampp\htdocs\Udemy\SpringBootSimplePasos\universidad-backend-web\universidad-backend)
2023-02-08 02:56:23,341 INFO o.h.v.i.u.Version [background-preinit] HV000001: Hibernate Validator 6.1.7.Final
2023-02-08 02:56:23,352 INFO o.s.b.SpringApplication [main] No active profile set, falling back to default profiles: default
2023-02-08 02:56:31,189 INFO o.s.d.r.c.RepositoryConfigurationDelegate [main] Bootstrapping Spring Data JPA repositories in DEFAULT mode.
2023-02-08 02:56:31,546 INFO o.s.d.r.c.RepositoryConfigurationDelegate [main] Finished Spring Data repository scanning in 317 ms. Found 4 JPA repository interfaces.
2023-02-08 02:56:46,917 INFO o.s.b.w.e.t.TomcatWebServer [main] Tomcat initialized with port(s): 9081 (http)
2023-02-08 02:56:47,056 INFO o.a.j.l.DirectJDKLog [main] Initializing ProtocolHandler ["http-nio-9081"]
2023-02-08 02:56:47,058 INFO o.a.j.l.DirectJDKLog [main] Starting service [Tomcat]
2023-02-08 02:56:47,060 INFO o.a.j.l.DirectJDKLog [main] Starting Servlet engine: [Apache Tomcat/9.0.45]
2023-02-08 02:56:47,559 INFO o.a.j.l.DirectJDKLog [main] Initializing Spring embedded WebApplicationContext
2023-02-08 02:56:47,560 INFO o.s.b.w.s.c.ServletWebServerApplicationContext [main] Root WebApplicationContext: initialization completed in 24069 ms
2023-02-08 02:56:51,275 INFO o.h.j.i.u.LogHelper [main] HHH000204: Processing PersistenceUnitInfo [name: default]
2023-02-08 02:56:52,726 INFO o.h.Version [main] HHH000412: Hibernate ORM core version 5.4.30.Final
2023-02-08 02:56:54,056 INFO o.h.a.c.r.j.JavaReflectionManager [main] HCANN000001: Hibernate Commons Annotations {5.1.2.Final}
2023-02-08 02:56:54,436 INFO c.z.h.HikariDataSource [main] HikariPool-1 - Starting...
2023-02-08 02:56:55,368 INFO c.z.h.HikariDataSource [main] HikariPool-1 - Start completed.
2023-02-08 02:56:55,864 INFO o.h.d.Dialect [main] HHH000400: Using dialect: org.hibernate.dialect.PostgreSQL10Dialect
2023-02-08 02:57:00,268 INFO o.h.e.t.j.p.i.JtaPlatformInitiator [main] HHH000490: Using JtaPlatform implementation: [org.hibernate.engine.transaction.jta.platform.internal.NoJtaPlatform]
2023-02-08 02:57:00,296 INFO o.s.o.j.AbstractEntityManagerFactoryBean [main] Initialized JPA EntityManagerFactory for persistence unit 'default'
2023-02-08 02:57:03,617 WARN o.s.b.a.o.j.JpaBaseConfiguration$JpaWebConfiguration [main] spring.jpa.open-in-view is enabled by default. Therefore, database queries may be performed during view rendering. Explicitly configure spring.jpa.open-in-view to disable this warning
2023-02-08 02:57:04,978 INFO o.s.s.c.ExecutorConfigurationSupport [main] Initializing ExecutorService 'applicationTaskExecutor'
2023-02-08 02:57:05,910 INFO o.a.j.l.DirectJDKLog [main] Starting ProtocolHandler ["http-nio-9081"]
2023-02-08 02:57:05,974 INFO o.s.b.w.e.t.TomcatWebServer [main] Tomcat started on port(s): 9081 (http) with context path '/api/v2/universidad'
2023-02-08 02:57:06,965 INFO o.s.b.StartupInfoLogger [main] Started UniversidadBackendApplication in 44.581 seconds (JVM running for 51.338)
2023-02-08 02:57:17,588 INFO o.a.j.l.DirectJDKLog [http-nio-9081-exec-1] Initializing Spring DispatcherServlet 'dispatcherServlet'
2023-02-08 02:57:17,589 INFO o.s.w.s.FrameworkServlet [http-nio-9081-exec-1] Initializing Servlet 'dispatcherServlet'
2023-02-08 02:57:17,595 INFO o.s.w.s.FrameworkServlet [http-nio-9081-exec-1] Completed initialization in 2 ms
2023-02-08 03:06:05,114 INFO o.s.s.c.ExecutorConfigurationSupport [SpringContextShutdownHook] Shutting down ExecutorService 'applicationTaskExecutor'
2023-02-08 03:06:05,120 INFO o.s.o.j.AbstractEntityManagerFactoryBean [SpringContextShutdownHook] Closing JPA EntityManagerFactory for persistence unit 'default'
2023-02-08 03:06:05,140 INFO c.z.h.HikariDataSource [SpringContextShutdownHook] HikariPool-1 - Shutdown initiated...
2023-02-08 03:06:05,187 INFO c.z.h.HikariDataSource [SpringContextShutdownHook] HikariPool-1 - Shutdown completed.
2023-02-08 03:06:24,867 INFO o.h.v.i.u.Version [background-preinit] HV000001: Hibernate Validator 6.1.7.Final
2023-02-08 03:06:24,893 INFO o.s.b.StartupInfoLogger [main] Starting UniversidadBackendApplication using Java 11.0.18 on LEE with PID 3140 (C:\xampp\htdocs\Udemy\SpringBootSimplePasos\universidad-backend-web\universidad-backend\target\classes started by luis in C:\xampp\htdocs\Udemy\SpringBootSimplePasos\universidad-backend-web\universidad-backend)
2023-02-08 03:06:24,894 INFO o.s.b.SpringApplication [main] No active profile set, falling back to default profiles: default
2023-02-08 03:06:32,136 INFO o.s.d.r.c.RepositoryConfigurationDelegate [main] Bootstrapping Spring Data JPA repositories in DEFAULT mode.
2023-02-08 03:06:32,353 INFO o.s.d.r.c.RepositoryConfigurationDelegate [main] Finished Spring Data repository scanning in 194 ms. Found 4 JPA repository interfaces.
2023-02-08 03:06:38,911 INFO o.s.b.w.e.t.TomcatWebServer [main] Tomcat initialized with port(s): 9081 (http)
2023-02-08 03:06:38,941 INFO o.a.j.l.DirectJDKLog [main] Initializing ProtocolHandler ["http-nio-9081"]
2023-02-08 03:06:38,944 INFO o.a.j.l.DirectJDKLog [main] Starting service [Tomcat]
2023-02-08 03:06:38,949 INFO o.a.j.l.DirectJDKLog [main] Starting Servlet engine: [Apache Tomcat/9.0.45]
2023-02-08 03:06:39,237 INFO o.a.j.l.DirectJDKLog [main] Initializing Spring embedded WebApplicationContext
2023-02-08 03:06:39,238 INFO o.s.b.w.s.c.ServletWebServerApplicationContext [main] Root WebApplicationContext: initialization completed in 14196 ms
2023-02-08 03:06:39,649 INFO o.h.j.i.u.LogHelper [main] HHH000204: Processing PersistenceUnitInfo [name: default]
2023-02-08 03:06:39,798 INFO o.h.Version [main] HHH000412: Hibernate ORM core version 5.4.30.Final
2023-02-08 03:06:40,123 INFO o.h.a.c.r.j.JavaReflectionManager [main] HCANN000001: Hibernate Commons Annotations {5.1.2.Final}
2023-02-08 03:06:40,389 INFO c.z.h.HikariDataSource [main] HikariPool-1 - Starting...
2023-02-08 03:06:40,877 INFO c.z.h.HikariDataSource [main] HikariPool-1 - Start completed.
2023-02-08 03:06:40,968 INFO o.h.d.Dialect [main] HHH000400: Using dialect: org.hibernate.dialect.PostgreSQL10Dialect
2023-02-08 03:06:47,983 INFO o.h.e.t.j.p.i.JtaPlatformInitiator [main] HHH000490: Using JtaPlatform implementation: [org.hibernate.engine.transaction.jta.platform.internal.NoJtaPlatform]
2023-02-08 03:06:48,005 INFO o.s.o.j.AbstractEntityManagerFactoryBean [main] Initialized JPA EntityManagerFactory for persistence unit 'default'
2023-02-08 03:06:49,712 WARN o.s.b.a.o.j.JpaBaseConfiguration$JpaWebConfiguration [main] spring.jpa.open-in-view is enabled by default. Therefore, database queries may be performed during view rendering. Explicitly configure spring.jpa.open-in-view to disable this warning
2023-02-08 03:06:53,093 INFO o.s.s.c.ExecutorConfigurationSupport [main] Initializing ExecutorService 'applicationTaskExecutor'
2023-02-08 03:06:55,431 INFO o.a.j.l.DirectJDKLog [main] Starting ProtocolHandler ["http-nio-9081"]
2023-02-08 03:06:55,490 INFO o.s.b.w.e.t.TomcatWebServer [main] Tomcat started on port(s): 9081 (http) with context path '/api/v2/universidad'
2023-02-08 03:06:56,149 INFO o.s.b.StartupInfoLogger [main] Started UniversidadBackendApplication in 32.123 seconds (JVM running for 34.096)
2023-02-08 03:07:00,447 INFO o.a.j.l.DirectJDKLog [http-nio-9081-exec-1] Initializing Spring DispatcherServlet 'dispatcherServlet'
2023-02-08 03:07:00,448 INFO o.s.w.s.FrameworkServlet [http-nio-9081-exec-1] Initializing Servlet 'dispatcherServlet'
2023-02-08 03:07:00,452 INFO o.s.w.s.FrameworkServlet [http-nio-9081-exec-1] Completed initialization in 3 ms
2023-02-08 03:07:54,955 INFO o.s.s.c.ExecutorConfigurationSupport [SpringContextShutdownHook] Shutting down ExecutorService 'applicationTaskExecutor'
2023-02-08 03:07:54,962 INFO o.s.o.j.AbstractEntityManagerFactoryBean [SpringContextShutdownHook] Closing JPA EntityManagerFactory for persistence unit 'default'
2023-02-08 03:07:54,967 INFO c.z.h.HikariDataSource [SpringContextShutdownHook] HikariPool-1 - Shutdown initiated...
2023-02-08 03:07:54,990 INFO c.z.h.HikariDataSource [SpringContextShutdownHook] HikariPool-1 - Shutdown completed.
2023-02-08 03:08:09,102 INFO o.s.b.StartupInfoLogger [main] Starting UniversidadBackendApplication using Java 11.0.18 on LEE with PID 688 (C:\xampp\htdocs\Udemy\SpringBootSimplePasos\universidad-backend-web\universidad-backend\target\classes started by luis in C:\xampp\htdocs\Udemy\SpringBootSimplePasos\universidad-backend-web\universidad-backend)
2023-02-08 03:08:09,097 INFO o.h.v.i.u.Version [background-preinit] HV000001: Hibernate Validator 6.1.7.Final
2023-02-08 03:08:09,108 INFO o.s.b.SpringApplication [main] No active profile set, falling back to default profiles: default
2023-02-08 03:08:21,370 INFO o.s.d.r.c.RepositoryConfigurationDelegate [main] Bootstrapping Spring Data JPA repositories in DEFAULT mode.
2023-02-08 03:08:21,626 INFO o.s.d.r.c.RepositoryConfigurationDelegate [main] Finished Spring Data repository scanning in 232 ms. Found 4 JPA repository interfaces.
2023-02-08 03:08:23,517 INFO o.s.b.w.e.t.TomcatWebServer [main] Tomcat initialized with port(s): 9081 (http)
2023-02-08 03:08:23,545 INFO o.a.j.l.DirectJDKLog [main] Initializing ProtocolHandler ["http-nio-9081"]
2023-02-08 03:08:23,546 INFO o.a.j.l.DirectJDKLog [main] Starting service [Tomcat]
2023-02-08 03:08:23,547 INFO o.a.j.l.DirectJDKLog [main] Starting Servlet engine: [Apache Tomcat/9.0.45]
2023-02-08 03:08:23,847 INFO o.a.j.l.DirectJDKLog [main] Initializing Spring embedded WebApplicationContext
2023-02-08 03:08:23,847 INFO o.s.b.w.s.c.ServletWebServerApplicationContext [main] Root WebApplicationContext: initialization completed in 14414 ms
2023-02-08 03:08:26,228 INFO o.h.j.i.u.LogHelper [main] HHH000204: Processing PersistenceUnitInfo [name: default]
2023-02-08 03:08:27,048 INFO o.h.Version [main] HHH000412: Hibernate ORM core version 5.4.30.Final
2023-02-08 03:08:29,458 INFO o.h.a.c.r.j.JavaReflectionManager [main] HCANN000001: Hibernate Commons Annotations {5.1.2.Final}
2023-02-08 03:08:29,939 INFO c.z.h.HikariDataSource [main] HikariPool-1 - Starting...
2023-02-08 03:08:30,361 INFO c.z.h.HikariDataSource [main] HikariPool-1 - Start completed.
2023-02-08 03:08:30,447 INFO o.h.d.Dialect [main] HHH000400: Using dialect: org.hibernate.dialect.PostgreSQL10Dialect
2023-02-08 03:08:32,587 INFO o.h.e.t.j.p.i.JtaPlatformInitiator [main] HHH000490: Using JtaPlatform implementation: [org.hibernate.engine.transaction.jta.platform.internal.NoJtaPlatform]
2023-02-08 03:08:32,603 INFO o.s.o.j.AbstractEntityManagerFactoryBean [main] Initialized JPA EntityManagerFactory for persistence unit 'default'
2023-02-08 03:08:34,736 WARN o.s.b.a.o.j.JpaBaseConfiguration$JpaWebConfiguration [main] spring.jpa.open-in-view is enabled by default. Therefore, database queries may be performed during view rendering. Explicitly configure spring.jpa.open-in-view to disable this warning
2023-02-08 03:08:35,369 INFO o.s.s.c.ExecutorConfigurationSupport [main] Initializing ExecutorService 'applicationTaskExecutor'
2023-02-08 03:08:35,853 INFO o.a.j.l.DirectJDKLog [main] Starting ProtocolHandler ["http-nio-9081"]
2023-02-08 03:08:35,906 INFO o.s.b.w.e.t.TomcatWebServer [main] Tomcat started on port(s): 9081 (http) with context path '/api/v2/universidad'
2023-02-08 03:08:35,997 INFO o.s.b.StartupInfoLogger [main] Started UniversidadBackendApplication in 27.774 seconds (JVM running for 29.203)
2023-02-08 03:08:38,921 INFO o.a.j.l.DirectJDKLog [http-nio-9081-exec-1] Initializing Spring DispatcherServlet 'dispatcherServlet'
2023-02-08 03:08:38,926 INFO o.s.w.s.FrameworkServlet [http-nio-9081-exec-1] Initializing Servlet 'dispatcherServlet'
2023-02-08 03:08:38,934 INFO o.s.w.s.FrameworkServlet [http-nio-9081-exec-1] Completed initialization in 6 ms
2023-02-08 03:09:15,625 INFO o.s.s.c.ExecutorConfigurationSupport [SpringContextShutdownHook] Shutting down ExecutorService 'applicationTaskExecutor'
2023-02-08 03:09:15,635 INFO o.s.o.j.AbstractEntityManagerFactoryBean [SpringContextShutdownHook] Closing JPA EntityManagerFactory for persistence unit 'default'
2023-02-08 03:09:15,642 INFO c.z.h.HikariDataSource [SpringContextShutdownHook] HikariPool-1 - Shutdown initiated...
2023-02-08 03:09:15,670 INFO c.z.h.HikariDataSource [SpringContextShutdownHook] HikariPool-1 - Shutdown completed.
2023-02-08 03:09:29,024 INFO o.h.v.i.u.Version [background-preinit] HV000001: Hibernate Validator 6.1.7.Final
2023-02-08 03:09:29,064 INFO o.s.b.StartupInfoLogger [main] Starting UniversidadBackendApplication using Java 11.0.18 on LEE with PID 10904 (C:\xampp\htdocs\Udemy\SpringBootSimplePasos\universidad-backend-web\universidad-backend\target\classes started by luis in C:\xampp\htdocs\Udemy\SpringBootSimplePasos\universidad-backend-web\universidad-backend)
2023-02-08 03:09:29,066 INFO o.s.b.SpringApplication [main] No active profile set, falling back to default profiles: default
2023-02-08 03:09:36,164 INFO o.s.d.r.c.RepositoryConfigurationDelegate [main] Bootstrapping Spring Data JPA repositories in DEFAULT mode.
2023-02-08 03:09:37,088 INFO o.s.d.r.c.RepositoryConfigurationDelegate [main] Finished Spring Data repository scanning in 893 ms. Found 4 JPA repository interfaces.
2023-02-08 03:09:42,684 INFO o.s.b.w.e.t.TomcatWebServer [main] Tomcat initialized with port(s): 9081 (http)
2023-02-08 03:09:42,715 INFO o.a.j.l.DirectJDKLog [main] Initializing ProtocolHandler ["http-nio-9081"]
2023-02-08 03:09:42,716 INFO o.a.j.l.DirectJDKLog [main] Starting service [Tomcat]
2023-02-08 03:09:42,717 INFO o.a.j.l.DirectJDKLog [main] Starting Servlet engine: [Apache Tomcat/9.0.45]
2023-02-08 03:09:43,064 INFO o.a.j.l.DirectJDKLog [main] Initializing Spring embedded WebApplicationContext
2023-02-08 03:09:43,065 INFO o.s.b.w.s.c.ServletWebServerApplicationContext [main] Root WebApplicationContext: initialization completed in 13868 ms
2023-02-08 03:09:43,438 INFO o.h.j.i.u.LogHelper [main] HHH000204: Processing PersistenceUnitInfo [name: default]
2023-02-08 03:09:43,554 INFO o.h.Version [main] HHH000412: Hibernate ORM core version 5.4.30.Final
2023-02-08 03:09:43,871 INFO o.h.a.c.r.j.JavaReflectionManager [main] HCANN000001: Hibernate Commons Annotations {5.1.2.Final}
2023-02-08 03:09:44,129 INFO c.z.h.HikariDataSource [main] HikariPool-1 - Starting...
2023-02-08 03:09:48,851 INFO c.z.h.HikariDataSource [main] HikariPool-1 - Start completed.
2023-02-08 03:09:49,253 INFO o.h.d.Dialect [main] HHH000400: Using dialect: org.hibernate.dialect.PostgreSQL10Dialect
2023-02-08 03:09:54,057 INFO o.h.e.t.j.p.i.JtaPlatformInitiator [main] HHH000490: Using JtaPlatform implementation: [org.hibernate.engine.transaction.jta.platform.internal.NoJtaPlatform]
2023-02-08 03:09:54,195 INFO o.s.o.j.AbstractEntityManagerFactoryBean [main] Initialized JPA EntityManagerFactory for persistence unit 'default'
2023-02-08 03:09:58,081 WARN o.s.b.a.o.j.JpaBaseConfiguration$JpaWebConfiguration [main] spring.jpa.open-in-view is enabled by default. Therefore, database queries may be performed during view rendering. Explicitly configure spring.jpa.open-in-view to disable this warning
2023-02-08 03:09:58,708 INFO o.s.s.c.ExecutorConfigurationSupport [main] Initializing ExecutorService 'applicationTaskExecutor'
2023-02-08 03:09:59,221 INFO o.a.j.l.DirectJDKLog [main] Starting ProtocolHandler ["http-nio-9081"]
2023-02-08 03:09:59,272 INFO o.s.b.w.e.t.TomcatWebServer [main] Tomcat started on port(s): 9081 (http) with context path '/api/v2/universidad'
2023-02-08 03:09:59,381 INFO o.s.b.StartupInfoLogger [main] Started UniversidadBackendApplication in 31.274 seconds (JVM running for 32.743)
2023-02-08 03:10:03,683 INFO o.a.j.l.DirectJDKLog [http-nio-9081-exec-1] Initializing Spring DispatcherServlet 'dispatcherServlet'
2023-02-08 03:10:03,684 INFO o.s.w.s.FrameworkServlet [http-nio-9081-exec-1] Initializing Servlet 'dispatcherServlet'
2023-02-08 03:10:03,694 INFO o.s.w.s.FrameworkServlet [http-nio-9081-exec-1] Completed initialization in 9 ms
2023-02-08 03:10:43,876 INFO o.s.s.c.ExecutorConfigurationSupport [SpringContextShutdownHook] Shutting down ExecutorService 'applicationTaskExecutor'
2023-02-08 03:10:43,906 INFO o.s.o.j.AbstractEntityManagerFactoryBean [SpringContextShutdownHook] Closing JPA EntityManagerFactory for persistence unit 'default'
2023-02-08 03:10:43,911 INFO c.z.h.HikariDataSource [SpringContextShutdownHook] HikariPool-1 - Shutdown initiated...
2023-02-08 03:10:43,968 INFO c.z.h.HikariDataSource [SpringContextShutdownHook] HikariPool-1 - Shutdown completed.
2023-02-08 03:10:54,550 INFO o.h.v.i.u.Version [background-preinit] HV000001: Hibernate Validator 6.1.7.Final
2023-02-08 03:10:54,565 INFO o.s.b.StartupInfoLogger [main] Starting UniversidadBackendApplication using Java 11.0.18 on LEE with PID 6368 (C:\xampp\htdocs\Udemy\SpringBootSimplePasos\universidad-backend-web\universidad-backend\target\classes started by luis in C:\xampp\htdocs\Udemy\SpringBootSimplePasos\universidad-backend-web\universidad-backend)
2023-02-08 03:10:54,568 INFO o.s.b.SpringApplication [main] No active profile set, falling back to default profiles: default
2023-02-08 03:10:58,293 INFO o.s.d.r.c.RepositoryConfigurationDelegate [main] Bootstrapping Spring Data JPA repositories in DEFAULT mode.
2023-02-08 03:10:58,544 INFO o.s.d.r.c.RepositoryConfigurationDelegate [main] Finished Spring Data repository scanning in 222 ms. Found 4 JPA repository interfaces.
2023-02-08 03:11:00,825 INFO o.s.b.w.e.t.TomcatWebServer [main] Tomcat initialized with port(s): 9081 (http)
2023-02-08 03:11:00,871 INFO o.a.j.l.DirectJDKLog [main] Initializing ProtocolHandler ["http-nio-9081"]
2023-02-08 03:11:00,877 INFO o.a.j.l.DirectJDKLog [main] Starting service [Tomcat]
2023-02-08 03:11:00,878 INFO o.a.j.l.DirectJDKLog [main] Starting Servlet engine: [Apache Tomcat/9.0.45]
2023-02-08 03:11:01,238 INFO o.a.j.l.DirectJDKLog [main] Initializing Spring embedded WebApplicationContext
2023-02-08 03:11:01,238 INFO o.s.b.w.s.c.ServletWebServerApplicationContext [main] Root WebApplicationContext: initialization completed in 6498 ms
2023-02-08 03:11:01,665 INFO o.h.j.i.u.LogHelper [main] HHH000204: Processing PersistenceUnitInfo [name: default]
2023-02-08 03:11:01,780 INFO o.h.Version [main] HHH000412: Hibernate ORM core version 5.4.30.Final
2023-02-08 03:11:02,115 INFO o.h.a.c.r.j.JavaReflectionManager [main] HCANN000001: Hibernate Commons Annotations {5.1.2.Final}
2023-02-08 03:11:02,355 INFO c.z.h.HikariDataSource [main] HikariPool-1 - Starting...
2023-02-08 03:11:02,814 INFO c.z.h.HikariDataSource [main] HikariPool-1 - Start completed.
2023-02-08 03:11:02,890 INFO o.h.d.Dialect [main] HHH000400: Using dialect: org.hibernate.dialect.PostgreSQL10Dialect
2023-02-08 03:11:05,054 INFO o.h.e.t.j.p.i.JtaPlatformInitiator [main] HHH000490: Using JtaPlatform implementation: [org.hibernate.engine.transaction.jta.platform.internal.NoJtaPlatform]
2023-02-08 03:11:05,072 INFO o.s.o.j.AbstractEntityManagerFactoryBean [main] Initialized JPA EntityManagerFactory for persistence unit 'default'
2023-02-08 03:11:07,377 WARN o.s.b.a.o.j.JpaBaseConfiguration$JpaWebConfiguration [main] spring.jpa.open-in-view is enabled by default. Therefore, database queries may be performed during view rendering. Explicitly configure spring.jpa.open-in-view to disable this warning
2023-02-08 03:11:08,077 INFO o.s.s.c.ExecutorConfigurationSupport [main] Initializing ExecutorService 'applicationTaskExecutor'
2023-02-08 03:11:08,574 INFO o.a.j.l.DirectJDKLog [main] Starting ProtocolHandler ["http-nio-9081"]
2023-02-08 03:11:08,635 INFO o.s.b.w.e.t.TomcatWebServer [main] Tomcat started on port(s): 9081 (http) with context path '/api/v2/universidad'
2023-02-08 03:11:09,209 INFO o.s.b.StartupInfoLogger [main] Started UniversidadBackendApplication in 15.848 seconds (JVM running for 17.686)
2023-02-08 03:13:41,239 INFO o.a.j.l.DirectJDKLog [http-nio-9081-exec-1] Initializing Spring DispatcherServlet 'dispatcherServlet'
2023-02-08 03:13:41,247 INFO o.s.w.s.FrameworkServlet [http-nio-9081-exec-1] Initializing Servlet 'dispatcherServlet'
2023-02-08 03:13:41,255 INFO o.s.w.s.FrameworkServlet [http-nio-9081-exec-1] Completed initialization in 6 ms
2023-02-08 03:18:31,277 INFO o.s.s.c.ExecutorConfigurationSupport [SpringContextShutdownHook] Shutting down ExecutorService 'applicationTaskExecutor'
2023-02-08 03:18:31,283 INFO o.s.o.j.AbstractEntityManagerFactoryBean [SpringContextShutdownHook] Closing JPA EntityManagerFactory for persistence unit 'default'
2023-02-08 03:18:31,291 INFO c.z.h.HikariDataSource [SpringContextShutdownHook] HikariPool-1 - Shutdown initiated...
2023-02-08 03:18:31,322 INFO c.z.h.HikariDataSource [SpringContextShutdownHook] HikariPool-1 - Shutdown completed.
2023-02-08 03:18:40,247 INFO o.h.v.i.u.Version [background-preinit] HV000001: Hibernate Validator 6.1.7.Final
2023-02-08 03:18:40,265 INFO o.s.b.StartupInfoLogger [main] Starting UniversidadBackendApplication using Java 11.0.18 on LEE with PID 7760 (C:\xampp\htdocs\Udemy\SpringBootSimplePasos\universidad-backend-web\universidad-backend\target\classes started by luis in C:\xampp\htdocs\Udemy\SpringBootSimplePasos\universidad-backend-web\universidad-backend)
2023-02-08 03:18:40,267 INFO o.s.b.SpringApplication [main] No active profile set, falling back to default profiles: default
2023-02-08 03:18:47,542 INFO o.s.d.r.c.RepositoryConfigurationDelegate [main] Bootstrapping Spring Data JPA repositories in DEFAULT mode.
2023-02-08 03:18:47,772 INFO o.s.d.r.c.RepositoryConfigurationDelegate [main] Finished Spring Data repository scanning in 191 ms. Found 4 JPA repository interfaces.
2023-02-08 03:18:54,481 INFO o.s.b.w.e.t.TomcatWebServer [main] Tomcat initialized with port(s): 9081 (http)
2023-02-08 03:18:54,509 INFO o.a.j.l.DirectJDKLog [main] Initializing ProtocolHandler ["http-nio-9081"]
2023-02-08 03:18:54,510 INFO o.a.j.l.DirectJDKLog [main] Starting service [Tomcat]
2023-02-08 03:18:54,511 INFO o.a.j.l.DirectJDKLog [main] Starting Servlet engine: [Apache Tomcat/9.0.45]
2023-02-08 03:18:54,816 INFO o.a.j.l.DirectJDKLog [main] Initializing Spring embedded WebApplicationContext
2023-02-08 03:18:54,817 INFO o.s.b.w.s.c.ServletWebServerApplicationContext [main] Root WebApplicationContext: initialization completed in 14412 ms
2023-02-08 03:18:55,242 INFO o.h.j.i.u.LogHelper [main] HHH000204: Processing PersistenceUnitInfo [name: default]
2023-02-08 03:18:55,381 INFO o.h.Version [main] HHH000412: Hibernate ORM core version 5.4.30.Final
2023-02-08 03:18:55,758 INFO o.h.a.c.r.j.JavaReflectionManager [main] HCANN000001: Hibernate Commons Annotations {5.1.2.Final}
2023-02-08 03:18:56,025 INFO c.z.h.HikariDataSource [main] HikariPool-1 - Starting...
2023-02-08 03:19:01,475 INFO c.z.h.HikariDataSource [main] HikariPool-1 - Start completed.
2023-02-08 03:19:01,614 INFO o.h.d.Dialect [main] HHH000400: Using dialect: org.hibernate.dialect.PostgreSQL10Dialect
2023-02-08 03:19:09,562 INFO o.h.e.t.j.p.i.JtaPlatformInitiator [main] HHH000490: Using JtaPlatform implementation: [org.hibernate.engine.transaction.jta.platform.internal.NoJtaPlatform]
2023-02-08 03:19:09,591 INFO o.s.o.j.AbstractEntityManagerFactoryBean [main] Initialized JPA EntityManagerFactory for persistence unit 'default'
2023-02-08 03:19:11,638 WARN o.s.b.a.o.j.JpaBaseConfiguration$JpaWebConfiguration [main] spring.jpa.open-in-view is enabled by default. Therefore, database queries may be performed during view rendering. Explicitly configure spring.jpa.open-in-view to disable this warning
2023-02-08 03:19:17,379 INFO o.s.s.c.ExecutorConfigurationSupport [main] Initializing ExecutorService 'applicationTaskExecutor'
2023-02-08 03:19:17,929 INFO o.a.j.l.DirectJDKLog [main] Starting ProtocolHandler ["http-nio-9081"]
2023-02-08 03:19:17,987 INFO o.s.b.w.e.t.TomcatWebServer [main] Tomcat started on port(s): 9081 (http) with context path '/api/v2/universidad'
2023-02-08 03:19:18,097 INFO o.s.b.StartupInfoLogger [main] Started UniversidadBackendApplication in 38.686 seconds (JVM running for 40.147)
2023-02-08 03:19:23,222 INFO o.a.j.l.DirectJDKLog [http-nio-9081-exec-1] Initializing Spring DispatcherServlet 'dispatcherServlet'
2023-02-08 03:19:23,226 INFO o.s.w.s.FrameworkServlet [http-nio-9081-exec-1] Initializing Servlet 'dispatcherServlet'
2023-02-08 03:19:23,310 INFO o.s.w.s.FrameworkServlet [http-nio-9081-exec-1] Completed initialization in 80 ms
2023-02-08 03:30:09,446 INFO o.s.s.c.ExecutorConfigurationSupport [SpringContextShutdownHook] Shutting down ExecutorService 'applicationTaskExecutor'
2023-02-08 03:30:09,491 INFO o.s.o.j.AbstractEntityManagerFactoryBean [SpringContextShutdownHook] Closing JPA EntityManagerFactory for persistence unit 'default'
2023-02-08 03:30:09,503 INFO c.z.h.HikariDataSource [SpringContextShutdownHook] HikariPool-1 - Shutdown initiated...
2023-02-08 03:30:09,550 INFO c.z.h.HikariDataSource [SpringContextShutdownHook] HikariPool-1 - Shutdown completed.
2023-02-08 03:30:24,137 INFO o.h.v.i.u.Version [background-preinit] HV000001: Hibernate Validator 6.1.7.Final
2023-02-08 03:30:24,172 INFO o.s.b.StartupInfoLogger [main] Starting UniversidadBackendApplication using Java 11.0.18 on LEE with PID 7128 (C:\xampp\htdocs\Udemy\SpringBootSimplePasos\universidad-backend-web\universidad-backend\target\classes started by luis in C:\xampp\htdocs\Udemy\SpringBootSimplePasos\universidad-backend-web\universidad-backend)
2023-02-08 03:30:24,174 INFO o.s.b.SpringApplication [main] No active profile set, falling back to default profiles: default
2023-02-08 03:30:33,282 INFO o.s.d.r.c.RepositoryConfigurationDelegate [main] Bootstrapping Spring Data JPA repositories in DEFAULT mode.
2023-02-08 03:30:35,012 INFO o.s.d.r.c.RepositoryConfigurationDelegate [main] Finished Spring Data repository scanning in 1444 ms. Found 4 JPA repository interfaces.
2023-02-08 03:30:37,878 INFO o.s.b.w.e.t.TomcatWebServer [main] Tomcat initialized with port(s): 9081 (http)
2023-02-08 03:30:37,904 INFO o.a.j.l.DirectJDKLog [main] Initializing ProtocolHandler ["http-nio-9081"]
2023-02-08 03:30:37,906 INFO o.a.j.l.DirectJDKLog [main] Starting service [Tomcat]
2023-02-08 03:30:37,907 INFO o.a.j.l.DirectJDKLog [main] Starting Servlet engine: [Apache Tomcat/9.0.45]
2023-02-08 03:30:38,190 INFO o.a.j.l.DirectJDKLog [main] Initializing Spring embedded WebApplicationContext
2023-02-08 03:30:38,190 INFO o.s.b.w.s.c.ServletWebServerApplicationContext [main] Root WebApplicationContext: initialization completed in 12993 ms
2023-02-08 03:30:38,571 INFO o.h.j.i.u.LogHelper [main] HHH000204: Processing PersistenceUnitInfo [name: default]
2023-02-08 03:30:38,676 INFO o.h.Version [main] HHH000412: Hibernate ORM core version 5.4.30.Final
2023-02-08 03:30:39,039 INFO o.h.a.c.r.j.JavaReflectionManager [main] HCANN000001: Hibernate Commons Annotations {5.1.2.Final}
2023-02-08 03:30:40,722 INFO c.z.h.HikariDataSource [main] HikariPool-1 - Starting...
2023-02-08 03:30:44,217 INFO c.z.h.HikariDataSource [main] HikariPool-1 - Start completed.
2023-02-08 03:30:44,285 INFO o.h.d.Dialect [main] HHH000400: Using dialect: org.hibernate.dialect.PostgreSQL10Dialect
2023-02-08 03:30:46,569 INFO o.h.e.t.j.p.i.JtaPlatformInitiator [main] HHH000490: Using JtaPlatform implementation: [org.hibernate.engine.transaction.jta.platform.internal.NoJtaPlatform]
2023-02-08 03:30:46,592 INFO o.s.o.j.AbstractEntityManagerFactoryBean [main] Initialized JPA EntityManagerFactory for persistence unit 'default'
2023-02-08 03:30:48,329 WARN o.s.b.a.o.j.JpaBaseConfiguration$JpaWebConfiguration [main] spring.jpa.open-in-view is enabled by default. Therefore, database queries may be performed during view rendering. Explicitly configure spring.jpa.open-in-view to disable this warning
2023-02-08 03:30:48,844 INFO o.s.s.c.ExecutorConfigurationSupport [main] Initializing ExecutorService 'applicationTaskExecutor'
2023-02-08 03:30:53,789 INFO o.a.j.l.DirectJDKLog [main] Starting ProtocolHandler ["http-nio-9081"]
2023-02-08 03:30:53,981 INFO o.s.b.w.e.t.TomcatWebServer [main] Tomcat started on port(s): 9081 (http) with context path '/api/v2/universidad'
2023-02-08 03:30:54,103 INFO o.s.b.StartupInfoLogger [main] Started UniversidadBackendApplication in 30.808 seconds (JVM running for 32.234)
2023-02-08 03:31:02,252 INFO o.a.j.l.DirectJDKLog [http-nio-9081-exec-1] Initializing Spring DispatcherServlet 'dispatcherServlet'
2023-02-08 03:31:02,254 INFO o.s.w.s.FrameworkServlet [http-nio-9081-exec-1] Initializing Servlet 'dispatcherServlet'
2023-02-08 03:31:02,267 INFO o.s.w.s.FrameworkServlet [http-nio-9081-exec-1] Completed initialization in 12 ms
2023-02-08 03:33:36,162 INFO o.s.s.c.ExecutorConfigurationSupport [SpringContextShutdownHook] Shutting down ExecutorService 'applicationTaskExecutor'
2023-02-08 03:33:36,173 INFO o.s.o.j.AbstractEntityManagerFactoryBean [SpringContextShutdownHook] Closing JPA EntityManagerFactory for persistence unit 'default'
2023-02-08 03:33:36,181 INFO c.z.h.HikariDataSource [SpringContextShutdownHook] HikariPool-1 - Shutdown initiated...
2023-02-08 03:33:36,225 INFO c.z.h.HikariDataSource [SpringContextShutdownHook] HikariPool-1 - Shutdown completed.
2023-02-08 03:33:45,714 INFO o.h.v.i.u.Version [background-preinit] HV000001: Hibernate Validator 6.1.7.Final
2023-02-08 03:33:45,926 INFO o.s.b.StartupInfoLogger [main] Starting UniversidadBackendApplication using Java 11.0.18 on LEE with PID 8024 (C:\xampp\htdocs\Udemy\SpringBootSimplePasos\universidad-backend-web\universidad-backend\target\classes started by luis in C:\xampp\htdocs\Udemy\SpringBootSimplePasos\universidad-backend-web\universidad-backend)
2023-02-08 03:33:45,946 INFO o.s.b.SpringApplication [main] No active profile set, falling back to default profiles: default
2023-02-08 03:33:49,781 INFO o.s.d.r.c.RepositoryConfigurationDelegate [main] Bootstrapping Spring Data JPA repositories in DEFAULT mode.
2023-02-08 03:33:50,003 INFO o.s.d.r.c.RepositoryConfigurationDelegate [main] Finished Spring Data repository scanning in 196 ms. Found 4 JPA repository interfaces.
2023-02-08 03:33:56,274 INFO o.s.b.w.e.t.TomcatWebServer [main] Tomcat initialized with port(s): 9081 (http)
2023-02-08 03:33:56,303 INFO o.a.j.l.DirectJDKLog [main] Initializing ProtocolHandler ["http-nio-9081"]
2023-02-08 03:33:56,305 INFO o.a.j.l.DirectJDKLog [main] Starting service [Tomcat]
2023-02-08 03:33:56,306 INFO o.a.j.l.DirectJDKLog [main] Starting Servlet engine: [Apache Tomcat/9.0.45]
2023-02-08 03:33:56,585 INFO o.a.j.l.DirectJDKLog [main] Initializing Spring embedded WebApplicationContext
2023-02-08 03:33:56,585 INFO o.s.b.w.s.c.ServletWebServerApplicationContext [main] Root WebApplicationContext: initialization completed in 9434 ms
2023-02-08 03:33:56,949 INFO o.h.j.i.u.LogHelper [main] HHH000204: Processing PersistenceUnitInfo [name: default]
2023-02-08 03:33:57,524 INFO o.h.Version [main] HHH000412: Hibernate ORM core version 5.4.30.Final
2023-02-08 03:33:59,902 INFO o.h.a.c.r.j.JavaReflectionManager [main] HCANN000001: Hibernate Commons Annotations {5.1.2.Final}
2023-02-08 03:34:02,085 INFO c.z.h.HikariDataSource [main] HikariPool-1 - Starting...
2023-02-08 03:34:02,680 INFO c.z.h.HikariDataSource [main] HikariPool-1 - Start completed.
2023-02-08 03:34:02,798 INFO o.h.d.Dialect [main] HHH000400: Using dialect: org.hibernate.dialect.PostgreSQL10Dialect
2023-02-08 03:34:10,862 INFO o.h.e.t.j.p.i.JtaPlatformInitiator [main] HHH000490: Using JtaPlatform implementation: [org.hibernate.engine.transaction.jta.platform.internal.NoJtaPlatform]
2023-02-08 03:34:10,892 INFO o.s.o.j.AbstractEntityManagerFactoryBean [main] Initialized JPA EntityManagerFactory for persistence unit 'default'
2023-02-08 03:34:17,902 WARN o.s.b.a.o.j.JpaBaseConfiguration$JpaWebConfiguration [main] spring.jpa.open-in-view is enabled by default. Therefore, database queries may be performed during view rendering. Explicitly configure spring.jpa.open-in-view to disable this warning
2023-02-08 03:34:18,455 INFO o.s.s.c.ExecutorConfigurationSupport [main] Initializing ExecutorService 'applicationTaskExecutor'
2023-02-08 03:34:18,919 INFO o.a.j.l.DirectJDKLog [main] Starting ProtocolHandler ["http-nio-9081"]
2023-02-08 03:34:18,973 INFO o.s.b.w.e.t.TomcatWebServer [main] Tomcat started on port(s): 9081 (http) with context path '/api/v2/universidad'
2023-02-08 03:34:19,064 INFO o.s.b.StartupInfoLogger [main] Started UniversidadBackendApplication in 37.576 seconds (JVM running for 39.268)
2023-02-08 03:34:21,679 INFO o.a.j.l.DirectJDKLog [http-nio-9081-exec-1] Initializing Spring DispatcherServlet 'dispatcherServlet'
2023-02-08 03:34:21,681 INFO o.s.w.s.FrameworkServlet [http-nio-9081-exec-1] Initializing Servlet 'dispatcherServlet'
2023-02-08 03:34:21,689 INFO o.s.w.s.FrameworkServlet [http-nio-9081-exec-1] Completed initialization in 6 ms
2023-02-08 03:38:38,647 INFO o.s.s.c.ExecutorConfigurationSupport [SpringContextShutdownHook] Shutting down ExecutorService 'applicationTaskExecutor'
2023-02-08 03:38:38,655 INFO o.s.o.j.AbstractEntityManagerFactoryBean [SpringContextShutdownHook] Closing JPA EntityManagerFactory for persistence unit 'default'
2023-02-08 03:38:38,660 INFO c.z.h.HikariDataSource [SpringContextShutdownHook] HikariPool-1 - Shutdown initiated...
2023-02-08 03:38:38,689 INFO c.z.h.HikariDataSource [SpringContextShutdownHook] HikariPool-1 - Shutdown completed.
2023-02-08 03:38:50,490 INFO o.h.v.i.u.Version [background-preinit] HV000001: Hibernate Validator 6.1.7.Final
2023-02-08 03:38:50,533 INFO o.s.b.StartupInfoLogger [main] Starting UniversidadBackendApplication using Java 11.0.18 on LEE with PID 4748 (C:\xampp\htdocs\Udemy\SpringBootSimplePasos\universidad-backend-web\universidad-backend\target\classes started by luis in C:\xampp\htdocs\Udemy\SpringBootSimplePasos\universidad-backend-web\universidad-backend)
2023-02-08 03:38:50,545 INFO o.s.b.SpringApplication [main] No active profile set, falling back to default profiles: default
2023-02-08 03:38:54,710 INFO o.s.d.r.c.RepositoryConfigurationDelegate [main] Bootstrapping Spring Data JPA repositories in DEFAULT mode.
2023-02-08 03:38:55,094 INFO o.s.d.r.c.RepositoryConfigurationDelegate [main] Finished Spring Data repository scanning in 347 ms. Found 4 JPA repository interfaces.
2023-02-08 03:38:57,886 INFO o.s.b.w.e.t.TomcatWebServer [main] Tomcat initialized with port(s): 9081 (http)
2023-02-08 03:38:57,917 INFO o.a.j.l.DirectJDKLog [main] Initializing ProtocolHandler ["http-nio-9081"]
2023-02-08 03:38:57,919 INFO o.a.j.l.DirectJDKLog [main] Starting service [Tomcat]
2023-02-08 03:38:57,921 INFO o.a.j.l.DirectJDKLog [main] Starting Servlet engine: [Apache Tomcat/9.0.45]
2023-02-08 03:38:58,190 INFO o.a.j.l.DirectJDKLog [main] Initializing Spring embedded WebApplicationContext
2023-02-08 03:38:58,190 INFO o.s.b.w.s.c.ServletWebServerApplicationContext [main] Root WebApplicationContext: initialization completed in 7391 ms
2023-02-08 03:38:58,609 INFO o.h.j.i.u.LogHelper [main] HHH000204: Processing PersistenceUnitInfo [name: default]
2023-02-08 03:38:58,700 INFO o.h.Version [main] HHH000412: Hibernate ORM core version 5.4.30.Final
2023-02-08 03:38:59,043 INFO o.h.a.c.r.j.JavaReflectionManager [main] HCANN000001: Hibernate Commons Annotations {5.1.2.Final}
2023-02-08 03:38:59,282 INFO c.z.h.HikariDataSource [main] HikariPool-1 - Starting...
2023-02-08 03:38:59,707 INFO c.z.h.HikariDataSource [main] HikariPool-1 - Start completed.
2023-02-08 03:38:59,777 INFO o.h.d.Dialect [main] HHH000400: Using dialect: org.hibernate.dialect.PostgreSQL10Dialect
2023-02-08 03:39:02,605 INFO o.h.e.t.j.p.i.JtaPlatformInitiator [main] HHH000490: Using JtaPlatform implementation: [org.hibernate.engine.transaction.jta.platform.internal.NoJtaPlatform]
2023-02-08 03:39:02,628 INFO o.s.o.j.AbstractEntityManagerFactoryBean [main] Initialized JPA EntityManagerFactory for persistence unit 'default'
2023-02-08 03:39:04,892 WARN o.s.b.a.o.j.JpaBaseConfiguration$JpaWebConfiguration [main] spring.jpa.open-in-view is enabled by default. Therefore, database queries may be performed during view rendering. Explicitly configure spring.jpa.open-in-view to disable this warning
2023-02-08 03:39:05,538 INFO o.s.s.c.ExecutorConfigurationSupport [main] Initializing ExecutorService 'applicationTaskExecutor'
2023-02-08 03:39:06,071 INFO o.a.j.l.DirectJDKLog [main] Starting ProtocolHandler ["http-nio-9081"]
2023-02-08 03:39:06,128 INFO o.s.b.w.e.t.TomcatWebServer [main] Tomcat started on port(s): 9081 (http) with context path '/api/v2/universidad'
2023-02-08 03:39:06,226 INFO o.s.b.StartupInfoLogger [main] Started UniversidadBackendApplication in 16.81 seconds (JVM running for 18.878)
2023-02-08 03:39:48,631 INFO o.a.j.l.DirectJDKLog [http-nio-9081-exec-1] Initializing Spring DispatcherServlet 'dispatcherServlet'
2023-02-08 03:39:48,632 INFO o.s.w.s.FrameworkServlet [http-nio-9081-exec-1] Initializing Servlet 'dispatcherServlet'
2023-02-08 03:39:48,646 INFO o.s.w.s.FrameworkServlet [http-nio-9081-exec-1] Completed initialization in 10 ms
2023-02-08 03:41:02,937 INFO o.s.s.c.ExecutorConfigurationSupport [SpringContextShutdownHook] Shutting down ExecutorService 'applicationTaskExecutor'
2023-02-08 03:41:02,947 INFO o.s.o.j.AbstractEntityManagerFactoryBean [SpringContextShutdownHook] Closing JPA EntityManagerFactory for persistence unit 'default'
2023-02-08 03:41:02,952 INFO c.z.h.HikariDataSource [SpringContextShutdownHook] HikariPool-1 - Shutdown initiated...
2023-02-08 03:41:02,985 INFO c.z.h.HikariDataSource [SpringContextShutdownHook] HikariPool-1 - Shutdown completed.
2023-02-08 03:41:17,682 INFO o.h.v.i.u.Version [background-preinit] HV000001: Hibernate Validator 6.1.7.Final
2023-02-08 03:41:17,737 INFO o.s.b.StartupInfoLogger [main] Starting UniversidadBackendApplication using Java 11.0.18 on LEE with PID 9680 (C:\xampp\htdocs\Udemy\SpringBootSimplePasos\universidad-backend-web\universidad-backend\target\classes started by luis in C:\xampp\htdocs\Udemy\SpringBootSimplePasos\universidad-backend-web\universidad-backend)
2023-02-08 03:41:17,740 INFO o.s.b.SpringApplication [main] No active profile set, falling back to default profiles: default
2023-02-08 03:41:21,419 INFO o.s.d.r.c.RepositoryConfigurationDelegate [main] Bootstrapping Spring Data JPA repositories in DEFAULT mode.
2023-02-08 03:41:21,670 INFO o.s.d.r.c.RepositoryConfigurationDelegate [main] Finished Spring Data repository scanning in 225 ms. Found 4 JPA repository interfaces.
2023-02-08 03:41:23,936 INFO o.s.b.w.e.t.TomcatWebServer [main] Tomcat initialized with port(s): 9081 (http)
2023-02-08 03:41:24,348 INFO o.s.b.w.s.c.ServletWebServerApplicationContext [main] Root WebApplicationContext: initialization completed in 6437 ms
2023-02-08 03:41:24,849 INFO o.h.j.i.u.LogHelper [main] HHH000204: Processing PersistenceUnitInfo [name: default]
2023-02-08 03:41:25,006 INFO o.h.Version [main] HHH000412: Hibernate ORM core version 5.4.30.Final
2023-02-08 03:41:25,437 INFO o.h.a.c.r.j.JavaReflectionManager [main] HCANN000001: Hibernate Commons Annotations {5.1.2.Final}
2023-02-08 03:41:25,662 INFO c.z.h.HikariDataSource [main] HikariPool-1 - Starting...
2023-02-08 03:41:26,101 INFO c.z.h.HikariDataSource [main] HikariPool-1 - Start completed.
2023-02-08 03:41:26,170 INFO o.h.d.Dialect [main] HHH000400: Using dialect: org.hibernate.dialect.PostgreSQL10Dialect
2023-02-08 03:41:29,039 INFO o.h.e.t.j.p.i.JtaPlatformInitiator [main] HHH000490: Using JtaPlatform implementation: [org.hibernate.engine.transaction.jta.platform.internal.NoJtaPlatform]
2023-02-08 03:41:29,057 INFO o.s.o.j.AbstractEntityManagerFactoryBean [main] Initialized JPA EntityManagerFactory for persistence unit 'default'
2023-02-08 03:41:30,936 WARN o.s.b.a.o.j.JpaBaseConfiguration$JpaWebConfiguration [main] spring.jpa.open-in-view is enabled by default. Therefore, database queries may be performed during view rendering. Explicitly configure spring.jpa.open-in-view to disable this warning
2023-02-08 03:41:31,495 INFO o.s.s.c.ExecutorConfigurationSupport [main] Initializing ExecutorService 'applicationTaskExecutor'
2023-02-08 03:41:32,044 INFO o.s.b.w.e.t.TomcatWebServer [main] Tomcat started on port(s): 9081 (http) with context path '/api/v2/universidad'
2023-02-08 03:41:32,135 INFO o.s.b.StartupInfoLogger [main] Started UniversidadBackendApplication in 16.009 seconds (JVM running for 19.051)
2023-02-08 03:41:32,447 INFO o.s.s.c.ExecutorConfigurationSupport [SpringContextShutdownHook] Shutting down ExecutorService 'applicationTaskExecutor'
2023-02-08 03:41:32,454 INFO o.s.o.j.AbstractEntityManagerFactoryBean [SpringContextShutdownHook] Closing JPA EntityManagerFactory for persistence unit 'default'
2023-02-08 03:41:32,458 INFO c.z.h.HikariDataSource [SpringContextShutdownHook] HikariPool-1 - Shutdown initiated...
2023-02-08 03:41:32,483 INFO c.z.h.HikariDataSource [SpringContextShutdownHook] HikariPool-1 - Shutdown completed.
2023-02-08 03:41:42,644 INFO o.h.v.i.u.Version [background-preinit] HV000001: Hibernate Validator 6.1.7.Final
2023-02-08 03:41:42,675 INFO o.s.b.StartupInfoLogger [main] Starting UniversidadBackendApplication using Java 11.0.18 on LEE with PID 8436 (C:\xampp\htdocs\Udemy\SpringBootSimplePasos\universidad-backend-web\universidad-backend\target\classes started by luis in C:\xampp\htdocs\Udemy\SpringBootSimplePasos\universidad-backend-web\universidad-backend)
2023-02-08 03:41:42,678 INFO o.s.b.SpringApplication [main] No active profile set, falling back to default profiles: default
2023-02-08 03:41:46,439 INFO o.s.d.r.c.RepositoryConfigurationDelegate [main] Bootstrapping Spring Data JPA repositories in DEFAULT mode.
2023-02-08 03:41:46,689 INFO o.s.d.r.c.RepositoryConfigurationDelegate [main] Finished Spring Data repository scanning in 223 ms. Found 4 JPA repository interfaces.
2023-02-08 03:41:48,916 INFO o.s.b.w.e.t.TomcatWebServer [main] Tomcat initialized with port(s): 9081 (http)
2023-02-08 03:41:48,938 INFO o.a.j.l.DirectJDKLog [main] Initializing ProtocolHandler ["http-nio-9081"]
2023-02-08 03:41:48,939 INFO o.a.j.l.DirectJDKLog [main] Starting service [Tomcat]
2023-02-08 03:41:48,940 INFO o.a.j.l.DirectJDKLog [main] Starting Servlet engine: [Apache Tomcat/9.0.45]
2023-02-08 03:41:49,275 INFO o.a.j.l.DirectJDKLog [main] Initializing Spring embedded WebApplicationContext
2023-02-08 03:41:49,276 INFO o.s.b.w.s.c.ServletWebServerApplicationContext [main] Root WebApplicationContext: initialization completed in 6403 ms
2023-02-08 03:41:49,717 INFO o.h.j.i.u.LogHelper [main] HHH000204: Processing PersistenceUnitInfo [name: default]
2023-02-08 03:41:49,846 INFO o.h.Version [main] HHH000412: Hibernate ORM core version 5.4.30.Final
2023-02-08 03:41:50,161 INFO o.h.a.c.r.j.JavaReflectionManager [main] HCANN000001: Hibernate Commons Annotations {5.1.2.Final}
2023-02-08 03:41:50,403 INFO c.z.h.HikariDataSource [main] HikariPool-1 - Starting...
2023-02-08 03:41:50,848 INFO c.z.h.HikariDataSource [main] HikariPool-1 - Start completed.
2023-02-08 03:41:50,930 INFO o.h.d.Dialect [main] HHH000400: Using dialect: org.hibernate.dialect.PostgreSQL10Dialect
2023-02-08 03:41:53,307 INFO o.h.e.t.j.p.i.JtaPlatformInitiator [main] HHH000490: Using JtaPlatform implementation: [org.hibernate.engine.transaction.jta.platform.internal.NoJtaPlatform]
2023-02-08 03:41:53,406 INFO o.s.o.j.AbstractEntityManagerFactoryBean [main] Initialized JPA EntityManagerFactory for persistence unit 'default'
2023-02-08 03:41:59,061 WARN o.s.b.a.o.j.JpaBaseConfiguration$JpaWebConfiguration [main] spring.jpa.open-in-view is enabled by default. Therefore, database queries may be performed during view rendering. Explicitly configure spring.jpa.open-in-view to disable this warning
2023-02-08 03:41:59,661 INFO o.s.s.c.ExecutorConfigurationSupport [main] Initializing ExecutorService 'applicationTaskExecutor'
2023-02-08 03:42:00,185 INFO o.a.j.l.DirectJDKLog [main] Starting ProtocolHandler ["http-nio-9081"]
2023-02-08 03:42:00,247 INFO o.s.b.w.e.t.TomcatWebServer [main] Tomcat started on port(s): 9081 (http) with context path '/api/v2/universidad'
2023-02-08 03:42:00,778 INFO o.s.b.StartupInfoLogger [main] Started UniversidadBackendApplication in 19.276 seconds (JVM running for 21.064)
2023-02-08 03:44:14,146 INFO o.a.j.l.DirectJDKLog [http-nio-9081-exec-1] Initializing Spring DispatcherServlet 'dispatcherServlet'
2023-02-08 03:44:14,147 INFO o.s.w.s.FrameworkServlet [http-nio-9081-exec-1] Initializing Servlet 'dispatcherServlet'
2023-02-08 03:44:14,151 INFO o.s.w.s.FrameworkServlet [http-nio-9081-exec-1] Completed initialization in 3 ms
2023-02-08 03:44:41,202 INFO o.s.s.c.ExecutorConfigurationSupport [SpringContextShutdownHook] Shutting down ExecutorService 'applicationTaskExecutor'
2023-02-08 03:44:41,214 INFO o.s.o.j.AbstractEntityManagerFactoryBean [SpringContextShutdownHook] Closing JPA EntityManagerFactory for persistence unit 'default'
2023-02-08 03:44:41,220 INFO c.z.h.HikariDataSource [SpringContextShutdownHook] HikariPool-1 - Shutdown initiated...
2023-02-08 03:44:41,271 INFO c.z.h.HikariDataSource [SpringContextShutdownHook] HikariPool-1 - Shutdown completed.
2023-02-08 03:45:02,251 INFO o.h.v.i.u.Version [background-preinit] HV000001: Hibernate Validator 6.1.7.Final
2023-02-08 03:45:03,633 INFO o.s.b.StartupInfoLogger [main] Starting UniversidadBackendApplication using Java 11.0.18 on LEE with PID 8824 (C:\xampp\htdocs\Udemy\SpringBootSimplePasos\universidad-backend-web\universidad-backend\target\classes started by luis in C:\xampp\htdocs\Udemy\SpringBootSimplePasos\universidad-backend-web\universidad-backend)
2023-02-08 03:45:03,697 INFO o.s.b.SpringApplication [main] No active profile set, falling back to default profiles: default
2023-02-08 03:45:15,112 INFO o.s.d.r.c.RepositoryConfigurationDelegate [main] Bootstrapping Spring Data JPA repositories in DEFAULT mode.
2023-02-08 03:45:15,321 INFO o.s.d.r.c.RepositoryConfigurationDelegate [main] Finished Spring Data repository scanning in 184 ms. Found 4 JPA repository interfaces.
2023-02-08 03:45:23,641 INFO o.s.b.w.e.t.TomcatWebServer [main] Tomcat initialized with port(s): 9081 (http)
2023-02-08 03:45:23,677 INFO o.a.j.l.DirectJDKLog [main] Initializing ProtocolHandler ["http-nio-9081"]
2023-02-08 03:45:23,679 INFO o.a.j.l.DirectJDKLog [main] Starting service [Tomcat]
2023-02-08 03:45:23,680 INFO o.a.j.l.DirectJDKLog [main] Starting Servlet engine: [Apache Tomcat/9.0.45]
2023-02-08 03:45:24,289 INFO o.a.j.l.DirectJDKLog [main] Initializing Spring embedded WebApplicationContext
2023-02-08 03:45:24,290 INFO o.s.b.w.s.c.ServletWebServerApplicationContext [main] Root WebApplicationContext: initialization completed in 17084 ms
2023-02-08 03:45:29,918 INFO o.h.j.i.u.LogHelper [main] HHH000204: Processing PersistenceUnitInfo [name: default]
2023-02-08 03:45:30,306 INFO o.h.Version [main] HHH000412: Hibernate ORM core version 5.4.30.Final
2023-02-08 03:45:30,970 INFO o.h.a.c.r.j.JavaReflectionManager [main] HCANN000001: Hibernate Commons Annotations {5.1.2.Final}
2023-02-08 03:45:31,315 INFO c.z.h.HikariDataSource [main] HikariPool-1 - Starting...
2023-02-08 03:45:32,734 INFO c.z.h.HikariDataSource [main] HikariPool-1 - Start completed.
2023-02-08 03:45:35,350 INFO o.h.d.Dialect [main] HHH000400: Using dialect: org.hibernate.dialect.PostgreSQL10Dialect
2023-02-08 03:45:38,989 INFO o.h.e.t.j.p.i.JtaPlatformInitiator [main] HHH000490: Using JtaPlatform implementation: [org.hibernate.engine.transaction.jta.platform.internal.NoJtaPlatform]
2023-02-08 03:45:39,007 INFO o.s.o.j.AbstractEntityManagerFactoryBean [main] Initialized JPA EntityManagerFactory for persistence unit 'default'
2023-02-08 03:45:41,309 WARN o.s.b.a.o.j.JpaBaseConfiguration$JpaWebConfiguration [main] spring.jpa.open-in-view is enabled by default. Therefore, database queries may be performed during view rendering. Explicitly configure spring.jpa.open-in-view to disable this warning
2023-02-08 03:45:46,875 INFO o.s.s.c.ExecutorConfigurationSupport [main] Initializing ExecutorService 'applicationTaskExecutor'
2023-02-08 03:45:47,465 INFO o.a.j.l.DirectJDKLog [main] Starting ProtocolHandler ["http-nio-9081"]
2023-02-08 03:45:47,568 INFO o.s.b.w.e.t.TomcatWebServer [main] Tomcat started on port(s): 9081 (http) with context path '/api/v2/universidad'
2023-02-08 03:45:53,568 INFO o.a.j.l.DirectJDKLog [http-nio-9081-exec-1] Initializing Spring DispatcherServlet 'dispatcherServlet'
2023-02-08 03:45:53,623 INFO o.s.w.s.FrameworkServlet [http-nio-9081-exec-1] Initializing Servlet 'dispatcherServlet'
2023-02-08 03:45:53,653 INFO o.s.w.s.FrameworkServlet [http-nio-9081-exec-1] Completed initialization in 17 ms
2023-02-08 03:45:53,913 INFO o.s.b.StartupInfoLogger [main] Started UniversidadBackendApplication in 52.689 seconds (JVM running for 54.296)
2023-02-08 03:57:14,984 INFO o.s.s.c.ExecutorConfigurationSupport [SpringContextShutdownHook] Shutting down ExecutorService 'applicationTaskExecutor'
2023-02-08 03:57:14,992 INFO o.s.o.j.AbstractEntityManagerFactoryBean [SpringContextShutdownHook] Closing JPA EntityManagerFactory for persistence unit 'default'
2023-02-08 03:57:14,999 INFO c.z.h.HikariDataSource [SpringContextShutdownHook] HikariPool-1 - Shutdown initiated...
2023-02-08 03:57:15,036 INFO c.z.h.HikariDataSource [SpringContextShutdownHook] HikariPool-1 - Shutdown completed.
2023-02-08 03:57:34,006 INFO o.h.v.i.u.Version [background-preinit] HV000001: Hibernate Validator 6.1.7.Final
2023-02-08 03:57:34,028 INFO o.s.b.StartupInfoLogger [main] Starting UniversidadBackendApplication using Java 11.0.18 on LEE with PID 7760 (C:\xampp\htdocs\Udemy\SpringBootSimplePasos\universidad-backend-web\universidad-backend\target\classes started by luis in C:\xampp\htdocs\Udemy\SpringBootSimplePasos\universidad-backend-web\universidad-backend)
2023-02-08 03:57:34,031 INFO o.s.b.SpringApplication [main] No active profile set, falling back to default profiles: default
2023-02-08 03:57:41,667 INFO o.s.d.r.c.RepositoryConfigurationDelegate [main] Bootstrapping Spring Data JPA repositories in DEFAULT mode.
2023-02-08 03:57:41,925 INFO o.s.d.r.c.RepositoryConfigurationDelegate [main] Finished Spring Data repository scanning in 236 ms. Found 4 JPA repository interfaces.
2023-02-08 03:57:54,192 INFO o.s.b.w.e.t.TomcatWebServer [main] Tomcat initialized with port(s): 9081 (http)
2023-02-08 03:57:54,224 INFO o.a.j.l.DirectJDKLog [main] Initializing ProtocolHandler ["http-nio-9081"]
2023-02-08 03:57:54,226 INFO o.a.j.l.DirectJDKLog [main] Starting service [Tomcat]
2023-02-08 03:57:54,227 INFO o.a.j.l.DirectJDKLog [main] Starting Servlet engine: [Apache Tomcat/9.0.45]
2023-02-08 03:57:54,692 INFO o.a.j.l.DirectJDKLog [main] Initializing Spring embedded WebApplicationContext
2023-02-08 03:57:54,693 INFO o.s.b.w.s.c.ServletWebServerApplicationContext [main] Root WebApplicationContext: initialization completed in 20495 ms
2023-02-08 03:57:55,084 INFO o.h.j.i.u.LogHelper [main] HHH000204: Processing PersistenceUnitInfo [name: default]
2023-02-08 03:57:55,231 INFO o.h.Version [main] HHH000412: Hibernate ORM core version 5.4.30.Final
2023-02-08 03:57:55,601 INFO o.h.a.c.r.j.JavaReflectionManager [main] HCANN000001: Hibernate Commons Annotations {5.1.2.Final}
2023-02-08 03:57:55,944 INFO c.z.h.HikariDataSource [main] HikariPool-1 - Starting...
2023-02-08 03:57:56,458 INFO c.z.h.HikariDataSource [main] HikariPool-1 - Start completed.
2023-02-08 03:57:56,544 INFO o.h.d.Dialect [main] HHH000400: Using dialect: org.hibernate.dialect.PostgreSQL10Dialect
2023-02-08 03:58:09,180 INFO o.h.e.t.j.p.i.JtaPlatformInitiator [main] HHH000490: Using JtaPlatform implementation: [org.hibernate.engine.transaction.jta.platform.internal.NoJtaPlatform]
2023-02-08 03:58:09,200 INFO o.s.o.j.AbstractEntityManagerFactoryBean [main] Initialized JPA EntityManagerFactory for persistence unit 'default'
2023-02-08 03:58:18,100 WARN o.s.b.a.o.j.JpaBaseConfiguration$JpaWebConfiguration [main] spring.jpa.open-in-view is enabled by default. Therefore, database queries may be performed during view rendering. Explicitly configure spring.jpa.open-in-view to disable this warning
2023-02-08 03:58:18,621 INFO o.s.s.c.ExecutorConfigurationSupport [main] Initializing ExecutorService 'applicationTaskExecutor'
2023-02-08 03:58:24,519 INFO o.a.j.l.DirectJDKLog [main] Starting ProtocolHandler ["http-nio-9081"]
2023-02-08 03:58:24,571 INFO o.s.b.w.e.t.TomcatWebServer [main] Tomcat started on port(s): 9081 (http) with context path '/api/v2/universidad'
2023-02-08 03:58:25,187 INFO o.s.b.StartupInfoLogger [main] Started UniversidadBackendApplication in 52.135 seconds (JVM running for 53.661)
2023-02-08 04:02:13,043 INFO o.s.s.c.ExecutorConfigurationSupport [SpringContextShutdownHook] Shutting down ExecutorService 'applicationTaskExecutor'
2023-02-08 04:02:13,068 INFO o.s.o.j.AbstractEntityManagerFactoryBean [SpringContextShutdownHook] Closing JPA EntityManagerFactory for persistence unit 'default'
2023-02-08 04:02:13,078 INFO c.z.h.HikariDataSource [SpringContextShutdownHook] HikariPool-1 - Shutdown initiated...
2023-02-08 04:02:13,110 INFO c.z.h.HikariDataSource [SpringContextShutdownHook] HikariPool-1 - Shutdown completed.
2023-02-08 04:02:23,036 INFO o.h.v.i.u.Version [background-preinit] HV000001: Hibernate Validator 6.1.7.Final
2023-02-08 04:02:23,057 INFO o.s.b.StartupInfoLogger [main] Starting UniversidadBackendApplication using Java 11.0.18 on LEE with PID 10188 (C:\xampp\htdocs\Udemy\SpringBootSimplePasos\universidad-backend-web\universidad-backend\target\classes started by luis in C:\xampp\htdocs\Udemy\SpringBootSimplePasos\universidad-backend-web\universidad-backend)
2023-02-08 04:02:23,059 INFO o.s.b.SpringApplication [main] No active profile set, falling back to default profiles: default
2023-02-08 04:02:31,526 INFO o.s.d.r.c.RepositoryConfigurationDelegate [main] Bootstrapping Spring Data JPA repositories in DEFAULT mode.
2023-02-08 04:02:32,893 INFO o.s.d.r.c.RepositoryConfigurationDelegate [main] Finished Spring Data repository scanning in 1143 ms. Found 4 JPA repository interfaces.
2023-02-08 04:02:36,803 INFO o.s.b.w.e.t.TomcatWebServer [main] Tomcat initialized with port(s): 9081 (http)
2023-02-08 04:02:36,830 INFO o.a.j.l.DirectJDKLog [main] Initializing ProtocolHandler ["http-nio-9081"]
2023-02-08 04:02:36,832 INFO o.a.j.l.DirectJDKLog [main] Starting service [Tomcat]
2023-02-08 04:02:36,833 INFO o.a.j.l.DirectJDKLog [main] Starting Servlet engine: [Apache Tomcat/9.0.45]
2023-02-08 04:02:37,155 INFO o.a.j.l.DirectJDKLog [main] Initializing Spring embedded WebApplicationContext
2023-02-08 04:02:37,156 INFO o.s.b.w.s.c.ServletWebServerApplicationContext [main] Root WebApplicationContext: initialization completed in 13624 ms
2023-02-08 04:02:37,543 INFO o.h.j.i.u.LogHelper [main] HHH000204: Processing PersistenceUnitInfo [name: default]
2023-02-08 04:02:37,657 INFO o.h.Version [main] HHH000412: Hibernate ORM core version 5.4.30.Final
2023-02-08 04:02:37,988 INFO o.h.a.c.r.j.JavaReflectionManager [main] HCANN000001: Hibernate Commons Annotations {5.1.2.Final}
2023-02-08 04:02:39,533 INFO c.z.h.HikariDataSource [main] HikariPool-1 - Starting...
2023-02-08 04:02:43,176 INFO c.z.h.HikariDataSource [main] HikariPool-1 - Start completed.
2023-02-08 04:02:43,279 INFO o.h.d.Dialect [main] HHH000400: Using dialect: org.hibernate.dialect.PostgreSQL10Dialect
2023-02-08 04:02:50,658 INFO o.h.e.t.j.p.i.JtaPlatformInitiator [main] HHH000490: Using JtaPlatform implementation: [org.hibernate.engine.transaction.jta.platform.internal.NoJtaPlatform]
2023-02-08 04:02:50,688 INFO o.s.o.j.AbstractEntityManagerFactoryBean [main] Initialized JPA EntityManagerFactory for persistence unit 'default'
2023-02-08 04:02:55,436 WARN o.s.b.a.o.j.JpaBaseConfiguration$JpaWebConfiguration [main] spring.jpa.open-in-view is enabled by default. Therefore, database queries may be performed during view rendering. Explicitly configure spring.jpa.open-in-view to disable this warning
2023-02-08 04:02:58,500 INFO o.s.s.c.ExecutorConfigurationSupport [main] Initializing ExecutorService 'applicationTaskExecutor'
2023-02-08 04:02:59,192 INFO o.a.j.l.DirectJDKLog [main] Starting ProtocolHandler ["http-nio-9081"]
2023-02-08 04:02:59,244 INFO o.s.b.w.e.t.TomcatWebServer [main] Tomcat started on port(s): 9081 (http) with context path '/api/v2/universidad'
2023-02-08 04:03:04,820 INFO o.s.b.StartupInfoLogger [main] Started UniversidadBackendApplication in 42.67 seconds (JVM running for 44.256)
2023-02-08 04:03:16,044 INFO o.a.j.l.DirectJDKLog [http-nio-9081-exec-1] Initializing Spring DispatcherServlet 'dispatcherServlet'
